[debug] [2021-02-27T21:17:21.201Z] ----------------------------------------------------------------------
[debug] [2021-02-27T21:17:21.203Z] Command:       C:\Program Files\nodejs\node.exe C:\Users\klaus\AppData\Roaming\npm\node_modules\firebase-tools\lib\bin\firebase.js init
[debug] [2021-02-27T21:17:21.203Z] CLI Version:   9.4.0
[debug] [2021-02-27T21:17:21.203Z] Platform:      win32
[debug] [2021-02-27T21:17:21.203Z] Node Version:  v14.15.0
[debug] [2021-02-27T21:17:21.204Z] Time:          Sat Feb 27 2021 13:17:21 GMT-0800 (Pacific Standard Time)
[debug] [2021-02-27T21:17:21.204Z] ----------------------------------------------------------------------
[debug] [2021-02-27T21:17:21.204Z] 
[debug] [2021-02-27T21:17:21.207Z] >>> [apiv2][query] GET https://firebase-public.firebaseio.com/cli.json [none]
[debug] [2021-02-27T21:17:21.223Z] > command requires scopes: ["email","openid","https://www.googleapis.com/auth/cloudplatformprojects.readonly","https://www.googleapis.com/auth/firebase","https://www.googleapis.com/auth/cloud-platform"]
[debug] [2021-02-27T21:17:21.224Z] > authorizing via signed-in user
[info] 
     ######## #### ########  ######## ########     ###     ######  ########
     ##        ##  ##     ## ##       ##     ##  ##   ##  ##       ##
     ######    ##  ########  ######   ########  #########  ######  ######
     ##        ##  ##    ##  ##       ##     ## ##     ##       ## ##
     ##       #### ##     ## ######## ########  ##     ##  ######  ########

You're about to initialize a Firebase project in this directory:

  C:\Users\klaus\Google Drive\_Projects\1031 - NudeFoods\Code\Pappy

[debug] [2021-02-27T21:17:21.488Z] <<< [apiv2][status] GET https://firebase-public.firebaseio.com/cli.json 200
[debug] [2021-02-27T21:17:21.488Z] <<< [apiv2][body] GET https://firebase-public.firebaseio.com/cli.json {"cloudBuildErrorAfter":1594252800000,"cloudBuildWarnAfter":1590019200000,"defaultNode10After":1594252800000,"minVersion":"3.0.5","node8DeploysDisabledAfter":1613390400000,"node8RuntimeDisabledAfter":1615809600000,"node8WarnAfter":1600128000000}
